{"C:\\Users\\leila\\OneDrive\\Área de Trabalho\\CRMDesecontro\\backend\\src\\app.ts": {"path":"C:\\Users\\leila\\OneDrive\\Área de Trabalho\\CRMDesecontro\\backend\\src\\app.ts","statementMap":{"0":{"start":{"line":8,"column":0},"end":{"line":8,"column":16}},"1":{"start":{"line":1,"column":0},"end":{"line":1,"column":30}},"2":{"start":{"line":2,"column":0},"end":{"line":2,"column":55}},"3":{"start":{"line":3,"column":0},"end":{"line":3,"column":24}},"4":{"start":{"line":4,"column":0},"end":{"line":4,"column":28}},"5":{"start":{"line":5,"column":0},"end":{"line":5,"column":32}},"6":{"start":{"line":6,"column":0},"end":{"line":6,"column":39}},"7":{"start":{"line":9,"column":2},"end":{"line":9,"column":11}},"8":{"start":{"line":11,"column":14},"end":{"line":11,"column":23}},"9":{"start":{"line":13,"column":21},"end":{"line":15,"column":32}},"10":{"start":{"line":14,"column":16},"end":{"line":14,"column":45}},"11":{"start":{"line":15,"column":19},"end":{"line":15,"column":31}},"12":{"start":{"line":17,"column":2},"end":{"line":21,"column":5}},"13":{"start":{"line":23,"column":2},"end":{"line":26,"column":5}},"14":{"start":{"line":24,"column":4},"end":{"line":24,"column":95}},"15":{"start":{"line":25,"column":4},"end":{"line":25,"column":11}},"16":{"start":{"line":28,"column":2},"end":{"line":37,"column":4}},"17":{"start":{"line":39,"column":2},"end":{"line":39,"column":26}},"18":{"start":{"line":40,"column":2},"end":{"line":40,"column":25}},"19":{"start":{"line":42,"column":2},"end":{"line":48,"column":5}},"20":{"start":{"line":43,"column":4},"end":{"line":47,"column":7}},"21":{"start":{"line":50,"column":2},"end":{"line":50,"column":29}},"22":{"start":{"line":52,"column":2},"end":{"line":52,"column":71}},"23":{"start":{"line":52,"column":25},"end":{"line":52,"column":69}},"24":{"start":{"line":54,"column":44},"end":{"line":61,"column":3}},"25":{"start":{"line":56,"column":4},"end":{"line":56,"column":23}},"26":{"start":{"line":57,"column":4},"end":{"line":60,"column":7}},"27":{"start":{"line":62,"column":2},"end":{"line":62,"column":24}},"28":{"start":{"line":64,"column":2},"end":{"line":64,"column":13}}},"fnMap":{"0":{"name":"createApp","decl":{"start":{"line":8,"column":16},"end":{"line":8,"column":25}},"loc":{"start":{"line":8,"column":25},"end":{"line":65,"column":1}}},"1":{"name":"(anonymous_2)","decl":{"start":{"line":14,"column":9},"end":{"line":14,"column":10}},"loc":{"start":{"line":14,"column":16},"end":{"line":14,"column":45}}},"2":{"name":"(anonymous_3)","decl":{"start":{"line":15,"column":12},"end":{"line":15,"column":13}},"loc":{"start":{"line":15,"column":19},"end":{"line":15,"column":31}}},"3":{"name":"(anonymous_4)","decl":{"start":{"line":23,"column":10},"end":{"line":23,"column":11}},"loc":{"start":{"line":23,"column":30},"end":{"line":26,"column":3}}},"4":{"name":"(anonymous_5)","decl":{"start":{"line":42,"column":21},"end":{"line":42,"column":22}},"loc":{"start":{"line":42,"column":35},"end":{"line":48,"column":3}}},"5":{"name":"(anonymous_6)","decl":{"start":{"line":52,"column":10},"end":{"line":52,"column":11}},"loc":{"start":{"line":52,"column":25},"end":{"line":52,"column":69}}},"6":{"name":"(anonymous_7)","decl":{"start":{"line":54,"column":44},"end":{"line":54,"column":45}},"loc":{"start":{"line":54,"column":70},"end":{"line":61,"column":3}}}},"branchMap":{"0":{"loc":{"start":{"line":20,"column":18},"end":{"line":20,"column":85}},"type":"binary-expr","locations":[{"start":{"line":20,"column":18},"end":{"line":20,"column":43}},{"start":{"line":20,"column":47},"end":{"line":20,"column":58}},{"start":{"line":20,"column":62},"end":{"line":20,"column":85}}]},"1":{"loc":{"start":{"line":30,"column":14},"end":{"line":34,"column":14}},"type":"cond-expr","locations":[{"start":{"line":31,"column":10},"end":{"line":31,"column":14}},{"start":{"line":32,"column":10},"end":{"line":34,"column":14}}]},"2":{"loc":{"start":{"line":32,"column":10},"end":{"line":34,"column":14}},"type":"cond-expr","locations":[{"start":{"line":33,"column":10},"end":{"line":33,"column":20}},{"start":{"line":34,"column":10},"end":{"line":34,"column":14}}]},"3":{"loc":{"start":{"line":32,"column":10},"end":{"line":32,"column":45}},"type":"binary-expr","locations":[{"start":{"line":32,"column":10},"end":{"line":32,"column":20}},{"start":{"line":32,"column":24},"end":{"line":32,"column":45}}]},"4":{"loc":{"start":{"line":59,"column":15},"end":{"line":59,"column":63}},"type":"cond-expr","locations":[{"start":{"line":59,"column":38},"end":{"line":59,"column":49}},{"start":{"line":59,"column":52},"end":{"line":59,"column":63}}]}},"s":{"0":1,"1":1,"2":1,"3":1,"4":1,"5":1,"6":1,"7":8,"8":8,"9":8,"10":8,"11":8,"12":8,"13":8,"14":8,"15":8,"16":8,"17":8,"18":8,"19":8,"20":1,"21":8,"22":8,"23":1,"24":8,"25":1,"26":1,"27":8,"28":8},"f":{"0":8,"1":8,"2":8,"3":8,"4":1,"5":1,"6":1},"b":{"0":[8,0,0],"1":[8,0],"2":[0,0],"3":[0,0],"4":[1,0]}}
,"C:\\Users\\leila\\OneDrive\\Área de Trabalho\\CRMDesecontro\\backend\\src\\repositories\\clients-repository.ts": {"path":"C:\\Users\\leila\\OneDrive\\Área de Trabalho\\CRMDesecontro\\backend\\src\\repositories\\clients-repository.ts","statementMap":{"0":{"start":{"line":1,"column":0},"end":{"line":1,"column":42}},"1":{"start":{"line":17,"column":4},"end":{"line":17,"column":70}},"2":{"start":{"line":20,"column":4},"end":{"line":20,"column":55}},"3":{"start":{"line":23,"column":4},"end":{"line":23,"column":78}},"4":{"start":{"line":26,"column":4},"end":{"line":26,"column":57}},"5":{"start":{"line":29,"column":4},"end":{"line":29,"column":51}},"6":{"start":{"line":15,"column":0},"end":{"line":15,"column":13}}},"fnMap":{"0":{"name":"(anonymous_0)","decl":{"start":{"line":16,"column":2},"end":{"line":16,"column":7}},"loc":{"start":{"line":16,"column":15},"end":{"line":18,"column":3}}},"1":{"name":"(anonymous_1)","decl":{"start":{"line":19,"column":2},"end":{"line":19,"column":7}},"loc":{"start":{"line":19,"column":27},"end":{"line":21,"column":3}}},"2":{"name":"(anonymous_2)","decl":{"start":{"line":22,"column":2},"end":{"line":22,"column":7}},"loc":{"start":{"line":22,"column":38},"end":{"line":24,"column":3}}},"3":{"name":"(anonymous_3)","decl":{"start":{"line":25,"column":2},"end":{"line":25,"column":7}},"loc":{"start":{"line":25,"column":50},"end":{"line":27,"column":3}}},"4":{"name":"(anonymous_4)","decl":{"start":{"line":28,"column":2},"end":{"line":28,"column":7}},"loc":{"start":{"line":28,"column":25},"end":{"line":30,"column":3}}}},"branchMap":{"0":{"loc":{"start":{"line":23,"column":57},"end":{"line":23,"column":72}},"type":"binary-expr","locations":[{"start":{"line":23,"column":57},"end":{"line":23,"column":66}},{"start":{"line":23,"column":70},"end":{"line":23,"column":72}}]}},"s":{"0":1,"1":2,"2":2,"3":2,"4":1,"5":1,"6":1},"f":{"0":2,"1":2,"2":2,"3":1,"4":1},"b":{"0":[2,1]}}
,"C:\\Users\\leila\\OneDrive\\Área de Trabalho\\CRMDesecontro\\backend\\src\\repositories\\interactions-repository.ts": {"path":"C:\\Users\\leila\\OneDrive\\Área de Trabalho\\CRMDesecontro\\backend\\src\\repositories\\interactions-repository.ts","statementMap":{"0":{"start":{"line":1,"column":0},"end":{"line":1,"column":42}},"1":{"start":{"line":19,"column":23},"end":{"line":19,"column":25}},"2":{"start":{"line":20,"column":4},"end":{"line":20,"column":61}},"3":{"start":{"line":20,"column":27},"end":{"line":20,"column":61}},"4":{"start":{"line":21,"column":4},"end":{"line":21,"column":55}},"5":{"start":{"line":21,"column":25},"end":{"line":21,"column":55}},"6":{"start":{"line":22,"column":4},"end":{"line":22,"column":76}},"7":{"start":{"line":22,"column":32},"end":{"line":22,"column":76}},"8":{"start":{"line":23,"column":4},"end":{"line":26,"column":7}},"9":{"start":{"line":29,"column":4},"end":{"line":29,"column":60}},"10":{"start":{"line":32,"column":4},"end":{"line":32,"column":47}},"11":{"start":{"line":35,"column":4},"end":{"line":35,"column":62}},"12":{"start":{"line":38,"column":4},"end":{"line":38,"column":56}},"13":{"start":{"line":13,"column":0},"end":{"line":13,"column":13}}},"fnMap":{"0":{"name":"(anonymous_0)","decl":{"start":{"line":14,"column":2},"end":{"line":14,"column":7}},"loc":{"start":{"line":18,"column":3},"end":{"line":27,"column":3}}},"1":{"name":"(anonymous_1)","decl":{"start":{"line":28,"column":2},"end":{"line":28,"column":7}},"loc":{"start":{"line":28,"column":27},"end":{"line":30,"column":3}}},"2":{"name":"(anonymous_2)","decl":{"start":{"line":31,"column":2},"end":{"line":31,"column":7}},"loc":{"start":{"line":31,"column":43},"end":{"line":33,"column":3}}},"3":{"name":"(anonymous_3)","decl":{"start":{"line":34,"column":2},"end":{"line":34,"column":7}},"loc":{"start":{"line":34,"column":55},"end":{"line":36,"column":3}}},"4":{"name":"(anonymous_4)","decl":{"start":{"line":37,"column":2},"end":{"line":37,"column":7}},"loc":{"start":{"line":37,"column":25},"end":{"line":39,"column":3}}}},"branchMap":{"0":{"loc":{"start":{"line":20,"column":4},"end":{"line":20,"column":61}},"type":"if","locations":[{"start":{"line":20,"column":4},"end":{"line":20,"column":61}},{"start":{},"end":{}}]},"1":{"loc":{"start":{"line":21,"column":4},"end":{"line":21,"column":55}},"type":"if","locations":[{"start":{"line":21,"column":4},"end":{"line":21,"column":55}},{"start":{},"end":{}}]},"2":{"loc":{"start":{"line":22,"column":4},"end":{"line":22,"column":76}},"type":"if","locations":[{"start":{"line":22,"column":4},"end":{"line":22,"column":76}},{"start":{},"end":{}}]}},"s":{"0":1,"1":4,"2":4,"3":1,"4":4,"5":1,"6":4,"7":1,"8":4,"9":1,"10":1,"11":1,"12":1,"13":1},"f":{"0":4,"1":1,"2":1,"3":1,"4":1},"b":{"0":[1,3],"1":[1,3],"2":[1,3]}}
,"C:\\Users\\leila\\OneDrive\\Área de Trabalho\\CRMDesecontro\\backend\\src\\repositories\\leads-repository.ts": {"path":"C:\\Users\\leila\\OneDrive\\Área de Trabalho\\CRMDesecontro\\backend\\src\\repositories\\leads-repository.ts","statementMap":{"0":{"start":{"line":1,"column":0},"end":{"line":1,"column":42}},"1":{"start":{"line":15,"column":4},"end":{"line":17,"column":7}},"2":{"start":{"line":21,"column":4},"end":{"line":21,"column":53}},"3":{"start":{"line":25,"column":4},"end":{"line":25,"column":40}},"4":{"start":{"line":29,"column":4},"end":{"line":29,"column":55}},"5":{"start":{"line":33,"column":4},"end":{"line":33,"column":49}},"6":{"start":{"line":13,"column":0},"end":{"line":13,"column":13}}},"fnMap":{"0":{"name":"(anonymous_0)","decl":{"start":{"line":14,"column":2},"end":{"line":14,"column":7}},"loc":{"start":{"line":14,"column":15},"end":{"line":18,"column":3}}},"1":{"name":"(anonymous_1)","decl":{"start":{"line":20,"column":2},"end":{"line":20,"column":7}},"loc":{"start":{"line":20,"column":27},"end":{"line":22,"column":3}}},"2":{"name":"(anonymous_2)","decl":{"start":{"line":24,"column":2},"end":{"line":24,"column":7}},"loc":{"start":{"line":24,"column":36},"end":{"line":26,"column":3}}},"3":{"name":"(anonymous_3)","decl":{"start":{"line":28,"column":2},"end":{"line":28,"column":7}},"loc":{"start":{"line":28,"column":48},"end":{"line":30,"column":3}}},"4":{"name":"(anonymous_4)","decl":{"start":{"line":32,"column":2},"end":{"line":32,"column":7}},"loc":{"start":{"line":32,"column":25},"end":{"line":34,"column":3}}}},"branchMap":{},"s":{"0":1,"1":2,"2":2,"3":2,"4":2,"5":1,"6":1},"f":{"0":2,"1":2,"2":2,"3":2,"4":1},"b":{}}
,"C:\\Users\\leila\\OneDrive\\Área de Trabalho\\CRMDesecontro\\backend\\src\\repositories\\negotiations-repository.ts": {"path":"C:\\Users\\leila\\OneDrive\\Área de Trabalho\\CRMDesecontro\\backend\\src\\repositories\\negotiations-repository.ts","statementMap":{"0":{"start":{"line":1,"column":0},"end":{"line":1,"column":42}},"1":{"start":{"line":16,"column":4},"end":{"line":16,"column":75}},"2":{"start":{"line":19,"column":4},"end":{"line":19,"column":60}},"3":{"start":{"line":22,"column":4},"end":{"line":22,"column":47}},"4":{"start":{"line":25,"column":4},"end":{"line":25,"column":62}},"5":{"start":{"line":28,"column":4},"end":{"line":28,"column":56}},"6":{"start":{"line":14,"column":0},"end":{"line":14,"column":13}}},"fnMap":{"0":{"name":"(anonymous_0)","decl":{"start":{"line":15,"column":2},"end":{"line":15,"column":7}},"loc":{"start":{"line":15,"column":15},"end":{"line":17,"column":3}}},"1":{"name":"(anonymous_1)","decl":{"start":{"line":18,"column":2},"end":{"line":18,"column":7}},"loc":{"start":{"line":18,"column":27},"end":{"line":20,"column":3}}},"2":{"name":"(anonymous_2)","decl":{"start":{"line":21,"column":2},"end":{"line":21,"column":7}},"loc":{"start":{"line":21,"column":43},"end":{"line":23,"column":3}}},"3":{"name":"(anonymous_3)","decl":{"start":{"line":24,"column":2},"end":{"line":24,"column":7}},"loc":{"start":{"line":24,"column":55},"end":{"line":26,"column":3}}},"4":{"name":"(anonymous_4)","decl":{"start":{"line":27,"column":2},"end":{"line":27,"column":7}},"loc":{"start":{"line":27,"column":25},"end":{"line":29,"column":3}}}},"branchMap":{},"s":{"0":1,"1":2,"2":2,"3":2,"4":2,"5":1,"6":1},"f":{"0":2,"1":2,"2":2,"3":2,"4":1},"b":{}}
,"C:\\Users\\leila\\OneDrive\\Área de Trabalho\\CRMDesecontro\\backend\\src\\routes\\clients.ts": {"path":"C:\\Users\\leila\\OneDrive\\Área de Trabalho\\CRMDesecontro\\backend\\src\\routes\\clients.ts","statementMap":{"0":{"start":{"line":1,"column":0},"end":{"line":1,"column":33}},"1":{"start":{"line":2,"column":0},"end":{"line":2,"column":24}},"2":{"start":{"line":3,"column":0},"end":{"line":3,"column":74}},"3":{"start":{"line":5,"column":15},"end":{"line":5,"column":23}},"4":{"start":{"line":6,"column":13},"end":{"line":6,"column":36}},"5":{"start":{"line":8,"column":0},"end":{"line":11,"column":3}},"6":{"start":{"line":9,"column":16},"end":{"line":9,"column":36}},"7":{"start":{"line":10,"column":2},"end":{"line":10,"column":18}},"8":{"start":{"line":13,"column":0},"end":{"line":17,"column":3}},"9":{"start":{"line":14,"column":15},"end":{"line":14,"column":49}},"10":{"start":{"line":15,"column":2},"end":{"line":15,"column":72}},"11":{"start":{"line":15,"column":13},"end":{"line":15,"column":72}},"12":{"start":{"line":16,"column":2},"end":{"line":16,"column":17}},"13":{"start":{"line":19,"column":19},"end":{"line":25,"column":11}},"14":{"start":{"line":26,"column":17},"end":{"line":26,"column":74}},"15":{"start":{"line":28,"column":21},"end":{"line":36,"column":2}},"16":{"start":{"line":38,"column":0},"end":{"line":47,"column":3}},"17":{"start":{"line":39,"column":17},"end":{"line":39,"column":49}},"18":{"start":{"line":40,"column":2},"end":{"line":44,"column":3}},"19":{"start":{"line":41,"column":4},"end":{"line":43,"column":75}},"20":{"start":{"line":45,"column":18},"end":{"line":45,"column":48}},"21":{"start":{"line":46,"column":2},"end":{"line":46,"column":32}},"22":{"start":{"line":49,"column":21},"end":{"line":49,"column":43}},"23":{"start":{"line":51,"column":0},"end":{"line":64,"column":3}},"24":{"start":{"line":52,"column":17},"end":{"line":52,"column":49}},"25":{"start":{"line":53,"column":2},"end":{"line":57,"column":3}},"26":{"start":{"line":54,"column":4},"end":{"line":56,"column":75}},"27":{"start":{"line":58,"column":2},"end":{"line":63,"column":3}},"28":{"start":{"line":59,"column":20},"end":{"line":59,"column":65}},"29":{"start":{"line":60,"column":4},"end":{"line":60,"column":22}},"30":{"start":{"line":62,"column":4},"end":{"line":62,"column":56}},"31":{"start":{"line":66,"column":0},"end":{"line":73,"column":3}},"32":{"start":{"line":67,"column":2},"end":{"line":72,"column":3}},"33":{"start":{"line":68,"column":4},"end":{"line":68,"column":37}},"34":{"start":{"line":69,"column":4},"end":{"line":69,"column":27}},"35":{"start":{"line":71,"column":4},"end":{"line":71,"column":56}},"36":{"start":{"line":75,"column":0},"end":{"line":75,"column":22}}},"fnMap":{"0":{"name":"(anonymous_0)","decl":{"start":{"line":8,"column":16},"end":{"line":8,"column":21}},"loc":{"start":{"line":8,"column":36},"end":{"line":11,"column":1}}},"1":{"name":"(anonymous_1)","decl":{"start":{"line":13,"column":19},"end":{"line":13,"column":24}},"loc":{"start":{"line":13,"column":38},"end":{"line":17,"column":1}}},"2":{"name":"(anonymous_2)","decl":{"start":{"line":38,"column":17},"end":{"line":38,"column":22}},"loc":{"start":{"line":38,"column":36},"end":{"line":47,"column":1}}},"3":{"name":"(anonymous_3)","decl":{"start":{"line":51,"column":21},"end":{"line":51,"column":26}},"loc":{"start":{"line":51,"column":40},"end":{"line":64,"column":1}}},"4":{"name":"(anonymous_4)","decl":{"start":{"line":66,"column":22},"end":{"line":66,"column":27}},"loc":{"start":{"line":66,"column":41},"end":{"line":73,"column":1}}}},"branchMap":{"0":{"loc":{"start":{"line":15,"column":2},"end":{"line":15,"column":72}},"type":"if","locations":[{"start":{"line":15,"column":2},"end":{"line":15,"column":72}},{"start":{},"end":{}}]},"1":{"loc":{"start":{"line":40,"column":2},"end":{"line":44,"column":3}},"type":"if","locations":[{"start":{"line":40,"column":2},"end":{"line":44,"column":3}},{"start":{},"end":{}}]},"2":{"loc":{"start":{"line":53,"column":2},"end":{"line":57,"column":3}},"type":"if","locations":[{"start":{"line":53,"column":2},"end":{"line":57,"column":3}},{"start":{},"end":{}}]}},"s":{"0":2,"1":2,"2":2,"3":2,"4":2,"5":2,"6":2,"7":2,"8":2,"9":2,"10":2,"11":2,"12":0,"13":2,"14":2,"15":2,"16":2,"17":2,"18":2,"19":1,"20":1,"21":1,"22":2,"23":2,"24":2,"25":2,"26":0,"27":2,"28":2,"29":0,"30":2,"31":2,"32":1,"33":1,"34":1,"35":0,"36":2},"f":{"0":2,"1":2,"2":2,"3":2,"4":1},"b":{"0":[2,0],"1":[1,1],"2":[0,2]}}
,"C:\\Users\\leila\\OneDrive\\Área de Trabalho\\CRMDesecontro\\backend\\src\\routes\\index.ts": {"path":"C:\\Users\\leila\\OneDrive\\Área de Trabalho\\CRMDesecontro\\backend\\src\\routes\\index.ts","statementMap":{"0":{"start":{"line":1,"column":0},"end":{"line":1,"column":33}},"1":{"start":{"line":2,"column":0},"end":{"line":2,"column":31}},"2":{"start":{"line":3,"column":0},"end":{"line":3,"column":35}},"3":{"start":{"line":4,"column":0},"end":{"line":4,"column":45}},"4":{"start":{"line":5,"column":0},"end":{"line":5,"column":45}},"5":{"start":{"line":7,"column":15},"end":{"line":7,"column":23}},"6":{"start":{"line":9,"column":0},"end":{"line":9,"column":28}},"7":{"start":{"line":10,"column":0},"end":{"line":10,"column":32}},"8":{"start":{"line":11,"column":0},"end":{"line":11,"column":42}},"9":{"start":{"line":12,"column":0},"end":{"line":12,"column":42}},"10":{"start":{"line":14,"column":0},"end":{"line":14,"column":22}}},"fnMap":{},"branchMap":{},"s":{"0":1,"1":1,"2":1,"3":1,"4":1,"5":1,"6":1,"7":1,"8":1,"9":1,"10":1},"f":{},"b":{}}
,"C:\\Users\\leila\\OneDrive\\Área de Trabalho\\CRMDesecontro\\backend\\src\\routes\\interactions.ts": {"path":"C:\\Users\\leila\\OneDrive\\Área de Trabalho\\CRMDesecontro\\backend\\src\\routes\\interactions.ts","statementMap":{"0":{"start":{"line":1,"column":0},"end":{"line":1,"column":33}},"1":{"start":{"line":2,"column":0},"end":{"line":2,"column":24}},"2":{"start":{"line":3,"column":0},"end":{"line":3,"column":84}},"3":{"start":{"line":5,"column":15},"end":{"line":5,"column":23}},"4":{"start":{"line":6,"column":13},"end":{"line":6,"column":41}},"5":{"start":{"line":8,"column":0},"end":{"line":15,"column":3}},"6":{"start":{"line":9,"column":46},"end":{"line":9,"column":null}},"7":{"start":{"line":13,"column":16},"end":{"line":13,"column":71}},"8":{"start":{"line":14,"column":2},"end":{"line":14,"column":18}},"9":{"start":{"line":17,"column":0},"end":{"line":21,"column":3}},"10":{"start":{"line":18,"column":15},"end":{"line":18,"column":49}},"11":{"start":{"line":19,"column":2},"end":{"line":19,"column":77}},"12":{"start":{"line":19,"column":13},"end":{"line":19,"column":77}},"13":{"start":{"line":20,"column":2},"end":{"line":20,"column":17}},"14":{"start":{"line":23,"column":21},"end":{"line":29,"column":2}},"15":{"start":{"line":31,"column":0},"end":{"line":40,"column":3}},"16":{"start":{"line":32,"column":17},"end":{"line":32,"column":49}},"17":{"start":{"line":33,"column":2},"end":{"line":37,"column":3}},"18":{"start":{"line":34,"column":4},"end":{"line":36,"column":75}},"19":{"start":{"line":38,"column":18},"end":{"line":38,"column":48}},"20":{"start":{"line":39,"column":2},"end":{"line":39,"column":32}},"21":{"start":{"line":42,"column":21},"end":{"line":42,"column":43}},"22":{"start":{"line":44,"column":0},"end":{"line":57,"column":3}},"23":{"start":{"line":45,"column":17},"end":{"line":45,"column":49}},"24":{"start":{"line":46,"column":2},"end":{"line":50,"column":3}},"25":{"start":{"line":47,"column":4},"end":{"line":49,"column":75}},"26":{"start":{"line":51,"column":2},"end":{"line":56,"column":3}},"27":{"start":{"line":52,"column":20},"end":{"line":52,"column":65}},"28":{"start":{"line":53,"column":4},"end":{"line":53,"column":22}},"29":{"start":{"line":55,"column":4},"end":{"line":55,"column":61}},"30":{"start":{"line":59,"column":0},"end":{"line":66,"column":3}},"31":{"start":{"line":60,"column":2},"end":{"line":65,"column":3}},"32":{"start":{"line":61,"column":4},"end":{"line":61,"column":37}},"33":{"start":{"line":62,"column":4},"end":{"line":62,"column":27}},"34":{"start":{"line":64,"column":4},"end":{"line":64,"column":61}},"35":{"start":{"line":68,"column":0},"end":{"line":68,"column":22}}},"fnMap":{"0":{"name":"(anonymous_0)","decl":{"start":{"line":8,"column":16},"end":{"line":8,"column":21}},"loc":{"start":{"line":8,"column":35},"end":{"line":15,"column":1}}},"1":{"name":"(anonymous_1)","decl":{"start":{"line":17,"column":19},"end":{"line":17,"column":24}},"loc":{"start":{"line":17,"column":38},"end":{"line":21,"column":1}}},"2":{"name":"(anonymous_2)","decl":{"start":{"line":31,"column":17},"end":{"line":31,"column":22}},"loc":{"start":{"line":31,"column":36},"end":{"line":40,"column":1}}},"3":{"name":"(anonymous_3)","decl":{"start":{"line":44,"column":21},"end":{"line":44,"column":26}},"loc":{"start":{"line":44,"column":40},"end":{"line":57,"column":1}}},"4":{"name":"(anonymous_4)","decl":{"start":{"line":59,"column":22},"end":{"line":59,"column":27}},"loc":{"start":{"line":59,"column":41},"end":{"line":66,"column":1}}}},"branchMap":{"0":{"loc":{"start":{"line":19,"column":2},"end":{"line":19,"column":77}},"type":"if","locations":[{"start":{"line":19,"column":2},"end":{"line":19,"column":77}},{"start":{},"end":{}}]},"1":{"loc":{"start":{"line":33,"column":2},"end":{"line":37,"column":3}},"type":"if","locations":[{"start":{"line":33,"column":2},"end":{"line":37,"column":3}},{"start":{},"end":{}}]},"2":{"loc":{"start":{"line":46,"column":2},"end":{"line":50,"column":3}},"type":"if","locations":[{"start":{"line":46,"column":2},"end":{"line":50,"column":3}},{"start":{},"end":{}}]}},"s":{"0":2,"1":2,"2":2,"3":2,"4":2,"5":2,"6":1,"7":1,"8":1,"9":2,"10":0,"11":0,"12":0,"13":0,"14":2,"15":2,"16":1,"17":1,"18":1,"19":0,"20":0,"21":2,"22":2,"23":1,"24":1,"25":0,"26":1,"27":1,"28":0,"29":1,"30":2,"31":1,"32":1,"33":1,"34":0,"35":2},"f":{"0":1,"1":0,"2":1,"3":1,"4":1},"b":{"0":[0,0],"1":[1,0],"2":[0,1]}}
,"C:\\Users\\leila\\OneDrive\\Área de Trabalho\\CRMDesecontro\\backend\\src\\routes\\leads.ts": {"path":"C:\\Users\\leila\\OneDrive\\Área de Trabalho\\CRMDesecontro\\backend\\src\\routes\\leads.ts","statementMap":{"0":{"start":{"line":1,"column":0},"end":{"line":1,"column":33}},"1":{"start":{"line":2,"column":0},"end":{"line":2,"column":24}},"2":{"start":{"line":3,"column":0},"end":{"line":3,"column":70}},"3":{"start":{"line":5,"column":15},"end":{"line":5,"column":23}},"4":{"start":{"line":6,"column":13},"end":{"line":6,"column":34}},"5":{"start":{"line":8,"column":0},"end":{"line":11,"column":3}},"6":{"start":{"line":9,"column":16},"end":{"line":9,"column":36}},"7":{"start":{"line":10,"column":2},"end":{"line":10,"column":18}},"8":{"start":{"line":13,"column":0},"end":{"line":19,"column":3}},"9":{"start":{"line":14,"column":15},"end":{"line":14,"column":49}},"10":{"start":{"line":15,"column":2},"end":{"line":17,"column":3}},"11":{"start":{"line":16,"column":4},"end":{"line":16,"column":61}},"12":{"start":{"line":18,"column":2},"end":{"line":18,"column":17}},"13":{"start":{"line":21,"column":25},"end":{"line":27,"column":2}},"14":{"start":{"line":29,"column":0},"end":{"line":36,"column":3}},"15":{"start":{"line":30,"column":17},"end":{"line":30,"column":53}},"16":{"start":{"line":31,"column":2},"end":{"line":33,"column":3}},"17":{"start":{"line":32,"column":4},"end":{"line":32,"column":95}},"18":{"start":{"line":34,"column":18},"end":{"line":34,"column":48}},"19":{"start":{"line":35,"column":2},"end":{"line":35,"column":32}},"20":{"start":{"line":38,"column":25},"end":{"line":44,"column":2}},"21":{"start":{"line":46,"column":0},"end":{"line":57,"column":3}},"22":{"start":{"line":47,"column":17},"end":{"line":47,"column":53}},"23":{"start":{"line":48,"column":2},"end":{"line":50,"column":3}},"24":{"start":{"line":49,"column":4},"end":{"line":49,"column":95}},"25":{"start":{"line":51,"column":2},"end":{"line":56,"column":3}},"26":{"start":{"line":52,"column":20},"end":{"line":52,"column":65}},"27":{"start":{"line":53,"column":4},"end":{"line":53,"column":22}},"28":{"start":{"line":55,"column":4},"end":{"line":55,"column":54}},"29":{"start":{"line":59,"column":0},"end":{"line":66,"column":3}},"30":{"start":{"line":60,"column":2},"end":{"line":65,"column":3}},"31":{"start":{"line":61,"column":4},"end":{"line":61,"column":37}},"32":{"start":{"line":62,"column":4},"end":{"line":62,"column":27}},"33":{"start":{"line":64,"column":4},"end":{"line":64,"column":54}},"34":{"start":{"line":68,"column":0},"end":{"line":68,"column":22}}},"fnMap":{"0":{"name":"(anonymous_0)","decl":{"start":{"line":8,"column":16},"end":{"line":8,"column":21}},"loc":{"start":{"line":8,"column":36},"end":{"line":11,"column":1}}},"1":{"name":"(anonymous_1)","decl":{"start":{"line":13,"column":19},"end":{"line":13,"column":24}},"loc":{"start":{"line":13,"column":38},"end":{"line":19,"column":1}}},"2":{"name":"(anonymous_2)","decl":{"start":{"line":29,"column":17},"end":{"line":29,"column":22}},"loc":{"start":{"line":29,"column":36},"end":{"line":36,"column":1}}},"3":{"name":"(anonymous_3)","decl":{"start":{"line":46,"column":21},"end":{"line":46,"column":26}},"loc":{"start":{"line":46,"column":40},"end":{"line":57,"column":1}}},"4":{"name":"(anonymous_4)","decl":{"start":{"line":59,"column":22},"end":{"line":59,"column":27}},"loc":{"start":{"line":59,"column":41},"end":{"line":66,"column":1}}}},"branchMap":{"0":{"loc":{"start":{"line":15,"column":2},"end":{"line":17,"column":3}},"type":"if","locations":[{"start":{"line":15,"column":2},"end":{"line":17,"column":3}},{"start":{},"end":{}}]},"1":{"loc":{"start":{"line":31,"column":2},"end":{"line":33,"column":3}},"type":"if","locations":[{"start":{"line":31,"column":2},"end":{"line":33,"column":3}},{"start":{},"end":{}}]},"2":{"loc":{"start":{"line":48,"column":2},"end":{"line":50,"column":3}},"type":"if","locations":[{"start":{"line":48,"column":2},"end":{"line":50,"column":3}},{"start":{},"end":{}}]}},"s":{"0":2,"1":2,"2":2,"3":2,"4":2,"5":2,"6":0,"7":0,"8":2,"9":0,"10":0,"11":0,"12":0,"13":2,"14":2,"15":4,"16":4,"17":2,"18":2,"19":1,"20":2,"21":2,"22":1,"23":1,"24":0,"25":1,"26":1,"27":0,"28":1,"29":2,"30":1,"31":1,"32":1,"33":0,"34":2},"f":{"0":0,"1":0,"2":4,"3":1,"4":1},"b":{"0":[0,0],"1":[2,2],"2":[0,1]}}
,"C:\\Users\\leila\\OneDrive\\Área de Trabalho\\CRMDesecontro\\backend\\src\\routes\\negotiations.ts": {"path":"C:\\Users\\leila\\OneDrive\\Área de Trabalho\\CRMDesecontro\\backend\\src\\routes\\negotiations.ts","statementMap":{"0":{"start":{"line":1,"column":0},"end":{"line":1,"column":33}},"1":{"start":{"line":2,"column":0},"end":{"line":2,"column":24}},"2":{"start":{"line":3,"column":0},"end":{"line":3,"column":84}},"3":{"start":{"line":5,"column":15},"end":{"line":5,"column":23}},"4":{"start":{"line":6,"column":13},"end":{"line":6,"column":41}},"5":{"start":{"line":8,"column":0},"end":{"line":11,"column":3}},"6":{"start":{"line":9,"column":16},"end":{"line":9,"column":36}},"7":{"start":{"line":10,"column":2},"end":{"line":10,"column":18}},"8":{"start":{"line":13,"column":0},"end":{"line":17,"column":3}},"9":{"start":{"line":14,"column":15},"end":{"line":14,"column":49}},"10":{"start":{"line":15,"column":2},"end":{"line":15,"column":77}},"11":{"start":{"line":15,"column":13},"end":{"line":15,"column":77}},"12":{"start":{"line":16,"column":2},"end":{"line":16,"column":17}},"13":{"start":{"line":19,"column":21},"end":{"line":26,"column":2}},"14":{"start":{"line":28,"column":0},"end":{"line":37,"column":3}},"15":{"start":{"line":29,"column":17},"end":{"line":29,"column":49}},"16":{"start":{"line":30,"column":2},"end":{"line":34,"column":3}},"17":{"start":{"line":31,"column":4},"end":{"line":33,"column":75}},"18":{"start":{"line":35,"column":18},"end":{"line":35,"column":48}},"19":{"start":{"line":36,"column":2},"end":{"line":36,"column":32}},"20":{"start":{"line":39,"column":21},"end":{"line":39,"column":43}},"21":{"start":{"line":41,"column":0},"end":{"line":54,"column":3}},"22":{"start":{"line":42,"column":17},"end":{"line":42,"column":49}},"23":{"start":{"line":43,"column":2},"end":{"line":47,"column":3}},"24":{"start":{"line":44,"column":4},"end":{"line":46,"column":75}},"25":{"start":{"line":48,"column":2},"end":{"line":53,"column":3}},"26":{"start":{"line":49,"column":20},"end":{"line":49,"column":65}},"27":{"start":{"line":50,"column":4},"end":{"line":50,"column":22}},"28":{"start":{"line":52,"column":4},"end":{"line":52,"column":61}},"29":{"start":{"line":56,"column":0},"end":{"line":63,"column":3}},"30":{"start":{"line":57,"column":2},"end":{"line":62,"column":3}},"31":{"start":{"line":58,"column":4},"end":{"line":58,"column":37}},"32":{"start":{"line":59,"column":4},"end":{"line":59,"column":27}},"33":{"start":{"line":61,"column":4},"end":{"line":61,"column":61}},"34":{"start":{"line":65,"column":0},"end":{"line":65,"column":22}}},"fnMap":{"0":{"name":"(anonymous_0)","decl":{"start":{"line":8,"column":16},"end":{"line":8,"column":21}},"loc":{"start":{"line":8,"column":36},"end":{"line":11,"column":1}}},"1":{"name":"(anonymous_1)","decl":{"start":{"line":13,"column":19},"end":{"line":13,"column":24}},"loc":{"start":{"line":13,"column":38},"end":{"line":17,"column":1}}},"2":{"name":"(anonymous_2)","decl":{"start":{"line":28,"column":17},"end":{"line":28,"column":22}},"loc":{"start":{"line":28,"column":36},"end":{"line":37,"column":1}}},"3":{"name":"(anonymous_3)","decl":{"start":{"line":41,"column":21},"end":{"line":41,"column":26}},"loc":{"start":{"line":41,"column":40},"end":{"line":54,"column":1}}},"4":{"name":"(anonymous_4)","decl":{"start":{"line":56,"column":22},"end":{"line":56,"column":27}},"loc":{"start":{"line":56,"column":41},"end":{"line":63,"column":1}}}},"branchMap":{"0":{"loc":{"start":{"line":15,"column":2},"end":{"line":15,"column":77}},"type":"if","locations":[{"start":{"line":15,"column":2},"end":{"line":15,"column":77}},{"start":{},"end":{}}]},"1":{"loc":{"start":{"line":30,"column":2},"end":{"line":34,"column":3}},"type":"if","locations":[{"start":{"line":30,"column":2},"end":{"line":34,"column":3}},{"start":{},"end":{}}]},"2":{"loc":{"start":{"line":43,"column":2},"end":{"line":47,"column":3}},"type":"if","locations":[{"start":{"line":43,"column":2},"end":{"line":47,"column":3}},{"start":{},"end":{}}]}},"s":{"0":2,"1":2,"2":2,"3":2,"4":2,"5":2,"6":0,"7":0,"8":2,"9":0,"10":0,"11":0,"12":0,"13":2,"14":2,"15":2,"16":2,"17":1,"18":1,"19":1,"20":2,"21":2,"22":1,"23":1,"24":0,"25":1,"26":1,"27":0,"28":1,"29":2,"30":2,"31":2,"32":1,"33":1,"34":2},"f":{"0":0,"1":0,"2":2,"3":1,"4":2},"b":{"0":[0,0],"1":[1,1],"2":[0,1]}}
,"C:\\Users\\leila\\OneDrive\\Área de Trabalho\\CRMDesecontro\\backend\\src\\services\\leads-service.ts": {"path":"C:\\Users\\leila\\OneDrive\\Área de Trabalho\\CRMDesecontro\\backend\\src\\services\\leads-service.ts","statementMap":{"0":{"start":{"line":1,"column":0},"end":{"line":1,"column":41}},"1":{"start":{"line":13,"column":10},"end":{"line":13,"column":29}},"2":{"start":{"line":16,"column":4},"end":{"line":16,"column":22}},"3":{"start":{"line":20,"column":23},"end":{"line":24,"column":6}},"4":{"start":{"line":25,"column":4},"end":{"line":25,"column":26}},"5":{"start":{"line":26,"column":4},"end":{"line":26,"column":16}},"6":{"start":{"line":12,"column":0},"end":{"line":12,"column":13}}},"fnMap":{"0":{"name":"(anonymous_0)","decl":{"start":{"line":12,"column":0},"end":{"line":12,"column":13}},"loc":{"start":{"line":12,"column":0},"end":{"line":28,"column":1}}},"1":{"name":"(anonymous_1)","decl":{"start":{"line":15,"column":2},"end":{"line":15,"column":7}},"loc":{"start":{"line":15,"column":12},"end":{"line":17,"column":3}}},"2":{"name":"(anonymous_2)","decl":{"start":{"line":19,"column":2},"end":{"line":19,"column":7}},"loc":{"start":{"line":19,"column":51},"end":{"line":27,"column":3}}}},"branchMap":{},"s":{"0":1,"1":7,"2":3,"3":10,"4":10,"5":10,"6":1},"f":{"0":7,"1":3,"2":10},"b":{}}
}
