TN:
SF:src\app.ts
FN:8,createApp
FN:14,(anonymous_2)
FN:15,(anonymous_3)
FN:23,(anonymous_4)
FN:42,(anonymous_5)
FN:52,(anonymous_6)
FN:54,(anonymous_7)
FNF:7
FNH:7
FNDA:8,createApp
FNDA:8,(anonymous_2)
FNDA:8,(anonymous_3)
FNDA:8,(anonymous_4)
FNDA:1,(anonymous_5)
FNDA:1,(anonymous_6)
FNDA:1,(anonymous_7)
DA:1,1
DA:2,1
DA:3,1
DA:4,1
DA:5,1
DA:6,1
DA:8,1
DA:9,8
DA:11,8
DA:13,8
DA:14,8
DA:15,8
DA:17,8
DA:23,8
DA:24,8
DA:25,8
DA:28,8
DA:39,8
DA:40,8
DA:42,8
DA:43,1
DA:50,8
DA:52,8
DA:54,8
DA:56,1
DA:57,1
DA:62,8
DA:64,8
LF:28
LH:28
BRDA:20,0,0,8
BRDA:20,0,1,0
BRDA:20,0,2,0
BRDA:30,1,0,8
BRDA:30,1,1,0
BRDA:32,2,0,0
BRDA:32,2,1,0
BRDA:32,3,0,0
BRDA:32,3,1,0
BRDA:59,4,0,1
BRDA:59,4,1,0
BRF:11
BRH:3
end_of_record
TN:
SF:src\repositories\clients-repository.ts
FN:16,(anonymous_0)
FN:19,(anonymous_1)
FN:22,(anonymous_2)
FN:25,(anonymous_3)
FN:28,(anonymous_4)
FNF:5
FNH:5
FNDA:2,(anonymous_0)
FNDA:2,(anonymous_1)
FNDA:2,(anonymous_2)
FNDA:1,(anonymous_3)
FNDA:1,(anonymous_4)
DA:1,1
DA:15,1
DA:17,2
DA:20,2
DA:23,2
DA:26,1
DA:29,1
LF:7
LH:7
BRDA:23,0,0,2
BRDA:23,0,1,1
BRF:2
BRH:2
end_of_record
TN:
SF:src\repositories\interactions-repository.ts
FN:14,(anonymous_0)
FN:28,(anonymous_1)
FN:31,(anonymous_2)
FN:34,(anonymous_3)
FN:37,(anonymous_4)
FNF:5
FNH:5
FNDA:4,(anonymous_0)
FNDA:1,(anonymous_1)
FNDA:1,(anonymous_2)
FNDA:1,(anonymous_3)
FNDA:1,(anonymous_4)
DA:1,1
DA:13,1
DA:19,4
DA:20,4
DA:21,4
DA:22,4
DA:23,4
DA:29,1
DA:32,1
DA:35,1
DA:38,1
LF:11
LH:11
BRDA:20,0,0,1
BRDA:20,0,1,3
BRDA:21,1,0,1
BRDA:21,1,1,3
BRDA:22,2,0,1
BRDA:22,2,1,3
BRF:6
BRH:6
end_of_record
TN:
SF:src\repositories\leads-repository.ts
FN:14,(anonymous_0)
FN:20,(anonymous_1)
FN:24,(anonymous_2)
FN:28,(anonymous_3)
FN:32,(anonymous_4)
FNF:5
FNH:5
FNDA:2,(anonymous_0)
FNDA:2,(anonymous_1)
FNDA:2,(anonymous_2)
FNDA:2,(anonymous_3)
FNDA:1,(anonymous_4)
DA:1,1
DA:13,1
DA:15,2
DA:21,2
DA:25,2
DA:29,2
DA:33,1
LF:7
LH:7
BRF:0
BRH:0
end_of_record
TN:
SF:src\repositories\negotiations-repository.ts
FN:15,(anonymous_0)
FN:18,(anonymous_1)
FN:21,(anonymous_2)
FN:24,(anonymous_3)
FN:27,(anonymous_4)
FNF:5
FNH:5
FNDA:2,(anonymous_0)
FNDA:2,(anonymous_1)
FNDA:2,(anonymous_2)
FNDA:2,(anonymous_3)
FNDA:1,(anonymous_4)
DA:1,1
DA:14,1
DA:16,2
DA:19,2
DA:22,2
DA:25,2
DA:28,1
LF:7
LH:7
BRF:0
BRH:0
end_of_record
TN:
SF:src\routes\clients.ts
FN:8,(anonymous_0)
FN:13,(anonymous_1)
FN:38,(anonymous_2)
FN:51,(anonymous_3)
FN:66,(anonymous_4)
FNF:5
FNH:5
FNDA:2,(anonymous_0)
FNDA:2,(anonymous_1)
FNDA:2,(anonymous_2)
FNDA:2,(anonymous_3)
FNDA:1,(anonymous_4)
DA:1,2
DA:2,2
DA:3,2
DA:5,2
DA:6,2
DA:8,2
DA:9,2
DA:10,2
DA:13,2
DA:14,2
DA:15,2
DA:16,0
DA:19,2
DA:26,2
DA:28,2
DA:38,2
DA:39,2
DA:40,2
DA:41,1
DA:45,1
DA:46,1
DA:49,2
DA:51,2
DA:52,2
DA:53,2
DA:54,0
DA:58,2
DA:59,2
DA:60,0
DA:62,2
DA:66,2
DA:67,1
DA:68,1
DA:69,1
DA:71,0
DA:75,2
LF:36
LH:32
BRDA:15,0,0,2
BRDA:15,0,1,0
BRDA:40,1,0,1
BRDA:40,1,1,1
BRDA:53,2,0,0
BRDA:53,2,1,2
BRF:6
BRH:4
end_of_record
TN:
SF:src\routes\index.ts
FNF:0
FNH:0
DA:1,1
DA:2,1
DA:3,1
DA:4,1
DA:5,1
DA:7,1
DA:9,1
DA:10,1
DA:11,1
DA:12,1
DA:14,1
LF:11
LH:11
BRF:0
BRH:0
end_of_record
TN:
SF:src\routes\interactions.ts
FN:8,(anonymous_0)
FN:17,(anonymous_1)
FN:31,(anonymous_2)
FN:44,(anonymous_3)
FN:59,(anonymous_4)
FNF:5
FNH:4
FNDA:1,(anonymous_0)
FNDA:0,(anonymous_1)
FNDA:1,(anonymous_2)
FNDA:1,(anonymous_3)
FNDA:1,(anonymous_4)
DA:1,2
DA:2,2
DA:3,2
DA:5,2
DA:6,2
DA:8,2
DA:9,1
DA:13,1
DA:14,1
DA:17,2
DA:18,0
DA:19,0
DA:20,0
DA:23,2
DA:31,2
DA:32,1
DA:33,1
DA:34,1
DA:38,0
DA:39,0
DA:42,2
DA:44,2
DA:45,1
DA:46,1
DA:47,0
DA:51,1
DA:52,1
DA:53,0
DA:55,1
DA:59,2
DA:60,1
DA:61,1
DA:62,1
DA:64,0
DA:68,2
LF:35
LH:27
BRDA:19,0,0,0
BRDA:19,0,1,0
BRDA:33,1,0,1
BRDA:33,1,1,0
BRDA:46,2,0,0
BRDA:46,2,1,1
BRF:6
BRH:2
end_of_record
TN:
SF:src\routes\leads.ts
FN:8,(anonymous_0)
FN:13,(anonymous_1)
FN:29,(anonymous_2)
FN:46,(anonymous_3)
FN:59,(anonymous_4)
FNF:5
FNH:3
FNDA:0,(anonymous_0)
FNDA:0,(anonymous_1)
FNDA:4,(anonymous_2)
FNDA:1,(anonymous_3)
FNDA:1,(anonymous_4)
DA:1,2
DA:2,2
DA:3,2
DA:5,2
DA:6,2
DA:8,2
DA:9,0
DA:10,0
DA:13,2
DA:14,0
DA:15,0
DA:16,0
DA:18,0
DA:21,2
DA:29,2
DA:30,4
DA:31,4
DA:32,2
DA:34,2
DA:35,1
DA:38,2
DA:46,2
DA:47,1
DA:48,1
DA:49,0
DA:51,1
DA:52,1
DA:53,0
DA:55,1
DA:59,2
DA:60,1
DA:61,1
DA:62,1
DA:64,0
DA:68,2
LF:35
LH:26
BRDA:15,0,0,0
BRDA:15,0,1,0
BRDA:31,1,0,2
BRDA:31,1,1,2
BRDA:48,2,0,0
BRDA:48,2,1,1
BRF:6
BRH:3
end_of_record
TN:
SF:src\routes\negotiations.ts
FN:8,(anonymous_0)
FN:13,(anonymous_1)
FN:28,(anonymous_2)
FN:41,(anonymous_3)
FN:56,(anonymous_4)
FNF:5
FNH:3
FNDA:0,(anonymous_0)
FNDA:0,(anonymous_1)
FNDA:2,(anonymous_2)
FNDA:1,(anonymous_3)
FNDA:2,(anonymous_4)
DA:1,2
DA:2,2
DA:3,2
DA:5,2
DA:6,2
DA:8,2
DA:9,0
DA:10,0
DA:13,2
DA:14,0
DA:15,0
DA:16,0
DA:19,2
DA:28,2
DA:29,2
DA:30,2
DA:31,1
DA:35,1
DA:36,1
DA:39,2
DA:41,2
DA:42,1
DA:43,1
DA:44,0
DA:48,1
DA:49,1
DA:50,0
DA:52,1
DA:56,2
DA:57,2
DA:58,2
DA:59,1
DA:61,1
DA:65,2
LF:34
LH:27
BRDA:15,0,0,0
BRDA:15,0,1,0
BRDA:30,1,0,1
BRDA:30,1,1,1
BRDA:43,2,0,0
BRDA:43,2,1,1
BRF:6
BRH:3
end_of_record
TN:
SF:src\services\leads-service.ts
FN:12,(anonymous_0)
FN:15,(anonymous_1)
FN:19,(anonymous_2)
FNF:3
FNH:3
FNDA:7,(anonymous_0)
FNDA:3,(anonymous_1)
FNDA:10,(anonymous_2)
DA:1,1
DA:12,1
DA:13,7
DA:16,3
DA:20,10
DA:25,10
DA:26,10
LF:7
LH:7
BRF:0
BRH:0
end_of_record
